<?xml version="1.0" encoding="UTF-8"?>
<!-- Generated by org.testng.reporters.JUnitXMLReporter -->
<testsuite ignored="1" hostname="LAPTOP-3CLGMSL9" failures="0" tests="1" name="Default test" time="42.37" errors="0" timestamp="2025-11-04T23:31:02 IST">
  <testcase classname="com.rapyuta.qa.tests.PaginationTests" name="lastPageEdge" time="39.107"/>
  <testcase classname="com.rapyuta.qa.tests.PaginationTests" name="nextPrevPagination" time="0.0">
    <ignored/>
  </testcase> <!-- nextPrevPagination -->
</testsuite> <!-- Default test -->
