<?xml version="1.0" encoding="UTF-8"?>
<!-- Generated by org.testng.reporters.JUnitXMLReporter -->
<testsuite ignored="2" hostname="LAPTOP-3CLGMSL9" failures="0" tests="4" name="UI Tests" time="60.436" errors="0" timestamp="2025-11-04T23:00:46 IST">
  <testcase classname="com.rapyuta.qa.tests.FilterTests" name="popularCategoryLoads" time="3.381"/>
  <testcase classname="com.rapyuta.qa.tests.FilterTests" name="switchCategories" time="6.359"/>
  <testcase classname="com.rapyuta.qa.tests.PaginationTests" name="lastPageEdge" time="38.656"/>
  <testcase classname="com.rapyuta.qa.tests.PaginationTests" name="nextPrevPagination" time="5.757"/>
  <testcase classname="com.rapyuta.qa.tests.BaseTest" name="@AfterSuite afterSuite" time="0.0">
    <ignored/>
  </testcase> <!-- @AfterSuite afterSuite -->
  <testcase classname="com.rapyuta.qa.tests.BaseTest" name="@BeforeSuite beforeSuite" time="0.0">
    <ignored/>
  </testcase> <!-- @BeforeSuite beforeSuite -->
</testsuite> <!-- UI Tests -->
