<?xml version="1.0" encoding="UTF-8"?>
<!-- Generated by org.testng.reporters.JUnitXMLReporter -->
<testsuite ignored="2" hostname="DESKTOP-SVE71BE" failures="4" tests="8" name="UI Tests" time="111.95" errors="0" timestamp="2026-05-26T13:37:13 IST">
  <testcase classname="com.rapyuta.qa.tests.FilterTests" name="directUrlNavigation" time="52.178">
    <failure type="java.lang.AssertionError" message="BUG-01: Direct URL &amp;apos;https://tmdb-discover.surge.sh/popular&amp;apos; not working — 404 page displayed.">
      <![CDATA[java.lang.AssertionError: BUG-01: Direct URL 'https://tmdb-discover.surge.sh/popular' not working — 404 page displayed.
at com.rapyuta.qa.tests.FilterTests.directUrlNavigation(FilterTests.java:196)
at java.base/java.util.ArrayList.forEach(ArrayList.java:1596)
... Removed 26 stack frames]]>
    </failure>
  </testcase> <!-- directUrlNavigation -->
  <testcase classname="com.rapyuta.qa.tests.FilterTests" name="filterByGenre" time="3.018">
    <failure type="java.lang.AssertionError" message="BUG-04: Genre filter returned non-matching genres: [Horror, Animation, Thriller, Science Fiction, Adventure, Science Fiction, Thriller, History, Science Fiction, Comedy, Thriller]">
      <![CDATA[java.lang.AssertionError: BUG-04: Genre filter returned non-matching genres: [Horror, Animation, Thriller, Science Fiction, Adventure, Science Fiction, Thriller, History, Science Fiction, Comedy, Thriller]
at com.rapyuta.qa.tests.FilterTests.filterByGenre(FilterTests.java:145)
at java.base/java.util.ArrayList.forEach(ArrayList.java:1596)
... Removed 26 stack frames]]>
    </failure>
  </testcase> <!-- filterByGenre -->
  <testcase classname="com.rapyuta.qa.tests.FilterTests" name="filterByType" time="8.522"/>
  <testcase classname="com.rapyuta.qa.tests.FilterTests" name="filterByYearRange" time="4.723">
    <failure type="java.lang.AssertionError" message="BUG-03: Year filter includes out-of-range results: [2018, 2011, 1997, 1998, 2010, 2005, 2015, 2017, 2015]">
      <![CDATA[java.lang.AssertionError: BUG-03: Year filter includes out-of-range results: [2018, 2011, 1997, 1998, 2010, 2005, 2015, 2017, 2015]
at com.rapyuta.qa.tests.FilterTests.filterByYearRange(FilterTests.java:99)
at java.base/java.util.ArrayList.forEach(ArrayList.java:1596)
... Removed 26 stack frames]]>
    </failure>
  </testcase> <!-- filterByYearRange -->
  <testcase classname="com.rapyuta.qa.tests.FilterTests" name="popularCategoryLoads" time="1.549"/>
  <testcase classname="com.rapyuta.qa.tests.FilterTests" name="switchCategories" time="4.682"/>
  <testcase classname="com.rapyuta.qa.tests.PaginationTests" name="lastPageEdge" time="14.751">
    <failure type="java.lang.AssertionError" message="BUG-02: Last page returns error instead of results.">
      <![CDATA[java.lang.AssertionError: BUG-02: Last page returns error instead of results.
at com.rapyuta.qa.tests.PaginationTests.lastPageEdge(PaginationTests.java:143)
at java.base/java.util.ArrayList.forEach(ArrayList.java:1596)
... Removed 26 stack frames]]>
    </failure>
  </testcase> <!-- lastPageEdge -->
  <testcase classname="com.rapyuta.qa.tests.PaginationTests" name="nextPrevPagination" time="4.368"/>
  <testcase classname="com.rapyuta.qa.tests.BaseTest" name="@BeforeSuite beforeSuite" time="0.0">
    <ignored/>
  </testcase> <!-- @BeforeSuite beforeSuite -->
  <testcase classname="com.rapyuta.qa.tests.BaseTest" name="@AfterSuite afterSuite" time="0.0">
    <ignored/>
  </testcase> <!-- @AfterSuite afterSuite -->
</testsuite> <!-- UI Tests -->
