<?xml version="1.0" encoding="UTF-8"?>
<!-- Generated by org.testng.reporters.JUnitXMLReporter -->
<testsuite ignored="2" hostname="LAPTOP-3CLGMSL9" failures="4" tests="4" name="SampleTest" time="8.369" errors="0" timestamp="2025-11-03T22:03:13 IST">
  <testcase classname="com.rapyuta.qa.tests.FilterTests" name="popularCategoryLoads" time="0.01">
    <failure type="java.lang.Error" message="Unresolved compilation problem: 
	test cannot be resolved
">
      <![CDATA[java.lang.Error: Unresolved compilation problem: 
test cannot be resolved

at com.rapyuta.qa.pages.HomePage.<init>(HomePage.java:68)
at com.rapyuta.qa.tests.FilterTests.popularCategoryLoads(FilterTests.java:13)
at java.base/java.util.ArrayList.forEach(ArrayList.java:1596)
... Removed 29 stack frames]]>
    </failure>
  </testcase> <!-- popularCategoryLoads -->
  <testcase classname="com.rapyuta.qa.tests.FilterTests" name="switchCategories" time="0.001">
    <failure type="java.lang.Error" message="Unresolved compilation problem: 
	test cannot be resolved
">
      <![CDATA[java.lang.Error: Unresolved compilation problem: 
test cannot be resolved

at com.rapyuta.qa.pages.HomePage.<init>(HomePage.java:68)
at com.rapyuta.qa.tests.FilterTests.switchCategories(FilterTests.java:26)
at java.base/java.util.ArrayList.forEach(ArrayList.java:1596)
... Removed 29 stack frames]]>
    </failure>
  </testcase> <!-- switchCategories -->
  <testcase classname="com.rapyuta.qa.tests.PaginationTests" name="lastPageEdge" time="0.002">
    <failure type="java.lang.Error" message="Unresolved compilation problem: 
	test cannot be resolved
">
      <![CDATA[java.lang.Error: Unresolved compilation problem: 
test cannot be resolved

at com.rapyuta.qa.pages.HomePage.<init>(HomePage.java:68)
at com.rapyuta.qa.tests.PaginationTests.lastPageEdge(PaginationTests.java:80)
at java.base/java.util.ArrayList.forEach(ArrayList.java:1596)
... Removed 29 stack frames]]>
    </failure>
  </testcase> <!-- lastPageEdge -->
  <testcase classname="com.rapyuta.qa.tests.PaginationTests" name="nextPrevPagination" time="0.001">
    <failure type="java.lang.Error" message="Unresolved compilation problems: 
	Type mismatch: cannot convert from void to boolean
	Type mismatch: cannot convert from void to boolean
">
      <![CDATA[java.lang.Error: Unresolved compilation problems: 
Type mismatch: cannot convert from void to boolean
Type mismatch: cannot convert from void to boolean

at com.rapyuta.qa.tests.PaginationTests.nextPrevPagination(PaginationTests.java:37)
at java.base/java.util.ArrayList.forEach(ArrayList.java:1596)
... Removed 29 stack frames]]>
    </failure>
  </testcase> <!-- nextPrevPagination -->
  <testcase classname="com.rapyuta.qa.tests.BaseTest" name="@BeforeSuite beforeSuite" time="0.0">
    <ignored/>
  </testcase> <!-- @BeforeSuite beforeSuite -->
  <testcase classname="com.rapyuta.qa.tests.BaseTest" name="@AfterSuite afterSuite" time="0.0">
    <ignored/>
  </testcase> <!-- @AfterSuite afterSuite -->
</testsuite> <!-- SampleTest -->
