<?xml version="1.0" encoding="UTF-8"?>
<!-- Generated by org.testng.reporters.JUnitReportReporter -->
<testsuite hostname="LAPTOP-3CLGMSL9" failures="0" tests="2" name="com.rapyuta.qa.tests.FilterTests" time="13.616" errors="0" timestamp="2025-11-04T23:00:46 IST" skipped="0">
  <testcase classname="com.rapyuta.qa.tests.FilterTests" name="switchCategories" time="7.902"/>
  <testcase classname="com.rapyuta.qa.tests.FilterTests" name="popularCategoryLoads" time="5.714"/>
</testsuite> <!-- com.rapyuta.qa.tests.FilterTests -->
